{"name": "Создание заказа внизу страницы", "status": "broken", "statusDetails": {"message": "selenium.common.exceptions.NoSuchElementException: Message: Unable to locate element: //div[text()= \"Аэропорт\"]; For documentation on this error, please visit: https://www.selenium.dev/documentation/webdriver/troubleshooting/errors#no-such-element-exception\nStacktrace:\nRemoteError@chrome://remote/content/shared/RemoteError.sys.mjs:8:8\nWebDriverError@chrome://remote/content/shared/webdriver/Errors.sys.mjs:191:5\nNoSuchElementError@chrome://remote/content/shared/webdriver/Errors.sys.mjs:509:5\ndom.find/</<@chrome://remote/content/shared/DOM.sys.mjs:136:16", "trace": "self = <test_order_page.TestOrder object at 0x000002033C6D6CC0>\ndriver = <selenium.webdriver.firefox.webdriver.WebDriver (session=\"182d0674-033e-4222-a12c-d484f7e62cdc\")>\n\n    @allure.title('Создание заказа внизу страницы')\n    @allure.description('Позитивный сценарий - успешный заказ внизу страницы')\n    def test_order_down_button_success(self, driver):\n        main_page = MainPage(driver)\n        order_page = OrderPage(driver)\n        main_page.click_order_button_down()\n>       order_page.order_flow()\n\ntests\\test_order_page.py:26: \n_ _ _ _ _ _ _ _ _ _ _ _ _ _ _ _ _ _ _ _ _ _ _ _ _ _ _ _ _ _ _ _ _ _ _ _ _ _ _ _ _ _ _ _ _ _ _ _ _ _ _ _ _ _ _ _ _ _ _ _ _ _ _ _ _ _ _ _ _ _ _ _ _ _ _ _ _ _ _ _ _ \npages\\order_page.py:79: in order_flow\n    self.click_station_airport()\npages\\order_page.py:27: in click_station_airport\n    self.click_on_element(self.STATION_AIRPORT)\npages\\base_page.py:19: in click_on_element\n    self.driver.find_element(*locator).click()\n.venv\\Lib\\site-packages\\selenium\\webdriver\\remote\\webdriver.py:741: in find_element\n    return self.execute(Command.FIND_ELEMENT, {\"using\": by, \"value\": value})[\"value\"]\n.venv\\Lib\\site-packages\\selenium\\webdriver\\remote\\webdriver.py:347: in execute\n    self.error_handler.check_response(response)\n_ _ _ _ _ _ _ _ _ _ _ _ _ _ _ _ _ _ _ _ _ _ _ _ _ _ _ _ _ _ _ _ _ _ _ _ _ _ _ _ _ _ _ _ _ _ _ _ _ _ _ _ _ _ _ _ _ _ _ _ _ _ _ _ _ _ _ _ _ _ _ _ _ _ _ _ _ _ _ _ _ \n\nself = <selenium.webdriver.remote.errorhandler.ErrorHandler object at 0x000002033C758680>\nresponse = {'status': 404, 'value': '{\"value\":{\"error\":\"no such element\",\"message\":\"Unable to locate element: //div[text()= \\\\\"Аэ.../content/shared/webdriver/Errors.sys.mjs:509:5\\\\ndom.find/</<@chrome://remote/content/shared/DOM.sys.mjs:136:16\\\\n\"}}'}\n\n    def check_response(self, response: Dict[str, Any]) -> None:\n        \"\"\"Checks that a JSON response from the WebDriver does not have an\n        error.\n    \n        :Args:\n         - response - The JSON response from the WebDriver server as a dictionary\n           object.\n    \n        :Raises: If the response contains an error message.\n        \"\"\"\n        status = response.get(\"status\", None)\n        if not status or status == ErrorCode.SUCCESS:\n            return\n        value = None\n        message = response.get(\"message\", \"\")\n        screen: str = response.get(\"screen\", \"\")\n        stacktrace = None\n        if isinstance(status, int):\n            value_json = response.get(\"value\", None)\n            if value_json and isinstance(value_json, str):\n                import json\n    \n                try:\n                    value = json.loads(value_json)\n                    if len(value) == 1:\n                        value = value[\"value\"]\n                    status = value.get(\"error\", None)\n                    if not status:\n                        status = value.get(\"status\", ErrorCode.UNKNOWN_ERROR)\n                        message = value.get(\"value\") or value.get(\"message\")\n                        if not isinstance(message, str):\n                            value = message\n                            message = message.get(\"message\")\n                    else:\n                        message = value.get(\"message\", None)\n                except ValueError:\n                    pass\n    \n        exception_class: Type[WebDriverException]\n        e = ErrorCode()\n        error_codes = [item for item in dir(e) if not item.startswith(\"__\")]\n        for error_code in error_codes:\n            error_info = getattr(ErrorCode, error_code)\n            if isinstance(error_info, list) and status in error_info:\n                exception_class = getattr(ExceptionMapping, error_code, WebDriverException)\n                break\n        else:\n            exception_class = WebDriverException\n    \n        if not value:\n            value = response[\"value\"]\n        if isinstance(value, str):\n            raise exception_class(value)\n        if message == \"\" and \"message\" in value:\n            message = value[\"message\"]\n    \n        screen = None  # type: ignore[assignment]\n        if \"screen\" in value:\n            screen = value[\"screen\"]\n    \n        stacktrace = None\n        st_value = value.get(\"stackTrace\") or value.get(\"stacktrace\")\n        if st_value:\n            if isinstance(st_value, str):\n                stacktrace = st_value.split(\"\\n\")\n            else:\n                stacktrace = []\n                try:\n                    for frame in st_value:\n                        line = frame.get(\"lineNumber\", \"\")\n                        file = frame.get(\"fileName\", \"<anonymous>\")\n                        if line:\n                            file = f\"{file}:{line}\"\n                        meth = frame.get(\"methodName\", \"<anonymous>\")\n                        if \"className\" in frame:\n                            meth = f\"{frame['className']}.{meth}\"\n                        msg = \"    at %s (%s)\"\n                        msg = msg % (meth, file)\n                        stacktrace.append(msg)\n                except TypeError:\n                    pass\n        if exception_class == UnexpectedAlertPresentException:\n            alert_text = None\n            if \"data\" in value:\n                alert_text = value[\"data\"].get(\"text\")\n            elif \"alert\" in value:\n                alert_text = value[\"alert\"].get(\"text\")\n            raise exception_class(message, screen, stacktrace, alert_text)  # type: ignore[call-arg]  # mypy is not smart enough here\n>       raise exception_class(message, screen, stacktrace)\nE       selenium.common.exceptions.NoSuchElementException: Message: Unable to locate element: //div[text()= \"Аэропорт\"]; For documentation on this error, please visit: https://www.selenium.dev/documentation/webdriver/troubleshooting/errors#no-such-element-exception\nE       Stacktrace:\nE       RemoteError@chrome://remote/content/shared/RemoteError.sys.mjs:8:8\nE       WebDriverError@chrome://remote/content/shared/webdriver/Errors.sys.mjs:191:5\nE       NoSuchElementError@chrome://remote/content/shared/webdriver/Errors.sys.mjs:509:5\nE       dom.find/</<@chrome://remote/content/shared/DOM.sys.mjs:136:16\n\n.venv\\Lib\\site-packages\\selenium\\webdriver\\remote\\errorhandler.py:229: NoSuchElementException"}, "description": "Позитивный сценарий - успешный заказ внизу страницы", "steps": [{"name": "Кликаем по кнопке \"Заказать\" внизу страницы", "status": "passed", "steps": [{"name": "Скролим до элемента", "status": "passed", "steps": [{"name": "Ждем появление локатора", "status": "passed", "parameters": [{"name": "locator", "value": "('xpath', \"//div[@class = 'Home_FinishButton__1_cWm']/button[text() = 'Заказать']\")"}], "start": 1708891812257, "stop": 1708891812320}], "parameters": [{"name": "locator", "value": "('xpath', \"//div[@class = 'Home_FinishButton__1_cWm']/button[text() = 'Заказать']\")"}], "start": 1708891812257, "stop": 1708891812359}, {"name": "Кликаем на элемент", "status": "passed", "parameters": [{"name": "locator", "value": "('xpath', \"//div[@class = 'Home_FinishButton__1_cWm']/button[text() = 'Заказать']\")"}], "start": 1708891812359, "stop": 1708891812627}], "start": 1708891812256, "stop": 1708891812627}, {"name": "Проходим флоу заказа самоката", "status": "broken", "statusDetails": {"message": "selenium.common.exceptions.NoSuchElementException: Message: Unable to locate element: //div[text()= \"Аэропорт\"]; For documentation on this error, please visit: https://www.selenium.dev/documentation/webdriver/troubleshooting/errors#no-such-element-exception\nStacktrace:\nRemoteError@chrome://remote/content/shared/RemoteError.sys.mjs:8:8\nWebDriverError@chrome://remote/content/shared/webdriver/Errors.sys.mjs:191:5\nNoSuchElementError@chrome://remote/content/shared/webdriver/Errors.sys.mjs:509:5\ndom.find/</<@chrome://remote/content/shared/DOM.sys.mjs:136:16\n\n", "trace": "  File \"C:\\Users\\TJK\\Sprint_6\\.venv\\Lib\\site-packages\\allure_commons\\_allure.py\", line 192, in impl\n    return func(*a, **kw)\n           ^^^^^^^^^^^^^^\n  File \"C:\\Users\\TJK\\Sprint_6\\pages\\order_page.py\", line 79, in order_flow\n    self.click_station_airport()\n  File \"C:\\Users\\TJK\\Sprint_6\\.venv\\Lib\\site-packages\\allure_commons\\_allure.py\", line 192, in impl\n    return func(*a, **kw)\n           ^^^^^^^^^^^^^^\n  File \"C:\\Users\\TJK\\Sprint_6\\pages\\order_page.py\", line 27, in click_station_airport\n    self.click_on_element(self.STATION_AIRPORT)\n  File \"C:\\Users\\TJK\\Sprint_6\\.venv\\Lib\\site-packages\\allure_commons\\_allure.py\", line 192, in impl\n    return func(*a, **kw)\n           ^^^^^^^^^^^^^^\n  File \"C:\\Users\\TJK\\Sprint_6\\pages\\base_page.py\", line 19, in click_on_element\n    self.driver.find_element(*locator).click()\n    ^^^^^^^^^^^^^^^^^^^^^^^^^^^^^^^^^^\n  File \"C:\\Users\\TJK\\Sprint_6\\.venv\\Lib\\site-packages\\selenium\\webdriver\\remote\\webdriver.py\", line 741, in find_element\n    return self.execute(Command.FIND_ELEMENT, {\"using\": by, \"value\": value})[\"value\"]\n           ^^^^^^^^^^^^^^^^^^^^^^^^^^^^^^^^^^^^^^^^^^^^^^^^^^^^^^^^^^^^^^^^^\n  File \"C:\\Users\\TJK\\Sprint_6\\.venv\\Lib\\site-packages\\selenium\\webdriver\\remote\\webdriver.py\", line 347, in execute\n    self.error_handler.check_response(response)\n  File \"C:\\Users\\TJK\\Sprint_6\\.venv\\Lib\\site-packages\\selenium\\webdriver\\remote\\errorhandler.py\", line 229, in check_response\n    raise exception_class(message, screen, stacktrace)\n"}, "steps": [{"name": "Заполняем поле - имя", "status": "passed", "steps": [{"name": "Водим текст в элемент", "status": "passed", "parameters": [{"name": "locator", "value": "('xpath', '//input[@placeholder=\"* Имя\"]')"}, {"name": "text", "value": "'Зарина'"}], "start": 1708891812627, "stop": 1708891812704}], "parameters": [{"name": "name", "value": "'Зарина'"}], "start": 1708891812627, "stop": 1708891812704}, {"name": "Заполняем поле - фамилия", "status": "passed", "steps": [{"name": "Водим текст в элемент", "status": "passed", "parameters": [{"name": "locator", "value": "('xpath', '//input[@placeholder=\"* Фамилия\"]')"}, {"name": "text", "value": "'Садыкова'"}], "start": 1708891812704, "stop": 1708891812728}], "parameters": [{"name": "surname", "value": "'Садыкова'"}], "start": 1708891812704, "stop": 1708891812728}, {"name": "Заполняем поле - фамилия", "status": "passed", "steps": [{"name": "Водим текст в элемент", "status": "passed", "parameters": [{"name": "locator", "value": "('xpath', '//input[@placeholder=\"* Адрес: куда привезти заказ\"]')"}, {"name": "text", "value": "'ул.Тест, дом 30'"}], "start": 1708891812728, "stop": 1708891812756}], "parameters": [{"name": "address", "value": "'ул.Тест, дом 30'"}], "start": 1708891812728, "stop": 1708891812756}, {"name": "Кликаем по списку \"метро\"", "status": "passed", "steps": [{"name": "Кликаем на элемент", "status": "passed", "parameters": [{"name": "locator", "value": "('xpath', '//input[@placeholder=\"* Станция метро\"]')"}], "start": 1708891812757, "stop": 1708891812978}], "start": 1708891812757, "stop": 1708891812978}, {"name": "Кликаем по станции \"Аэропорт\"", "status": "broken", "statusDetails": {"message": "selenium.common.exceptions.NoSuchElementException: Message: Unable to locate element: //div[text()= \"Аэропорт\"]; For documentation on this error, please visit: https://www.selenium.dev/documentation/webdriver/troubleshooting/errors#no-such-element-exception\nStacktrace:\nRemoteError@chrome://remote/content/shared/RemoteError.sys.mjs:8:8\nWebDriverError@chrome://remote/content/shared/webdriver/Errors.sys.mjs:191:5\nNoSuchElementError@chrome://remote/content/shared/webdriver/Errors.sys.mjs:509:5\ndom.find/</<@chrome://remote/content/shared/DOM.sys.mjs:136:16\n\n", "trace": "  File \"C:\\Users\\TJK\\Sprint_6\\.venv\\Lib\\site-packages\\allure_commons\\_allure.py\", line 192, in impl\n    return func(*a, **kw)\n           ^^^^^^^^^^^^^^\n  File \"C:\\Users\\TJK\\Sprint_6\\pages\\order_page.py\", line 27, in click_station_airport\n    self.click_on_element(self.STATION_AIRPORT)\n  File \"C:\\Users\\TJK\\Sprint_6\\.venv\\Lib\\site-packages\\allure_commons\\_allure.py\", line 192, in impl\n    return func(*a, **kw)\n           ^^^^^^^^^^^^^^\n  File \"C:\\Users\\TJK\\Sprint_6\\pages\\base_page.py\", line 19, in click_on_element\n    self.driver.find_element(*locator).click()\n    ^^^^^^^^^^^^^^^^^^^^^^^^^^^^^^^^^^\n  File \"C:\\Users\\TJK\\Sprint_6\\.venv\\Lib\\site-packages\\selenium\\webdriver\\remote\\webdriver.py\", line 741, in find_element\n    return self.execute(Command.FIND_ELEMENT, {\"using\": by, \"value\": value})[\"value\"]\n           ^^^^^^^^^^^^^^^^^^^^^^^^^^^^^^^^^^^^^^^^^^^^^^^^^^^^^^^^^^^^^^^^^\n  File \"C:\\Users\\TJK\\Sprint_6\\.venv\\Lib\\site-packages\\selenium\\webdriver\\remote\\webdriver.py\", line 347, in execute\n    self.error_handler.check_response(response)\n  File \"C:\\Users\\TJK\\Sprint_6\\.venv\\Lib\\site-packages\\selenium\\webdriver\\remote\\errorhandler.py\", line 229, in check_response\n    raise exception_class(message, screen, stacktrace)\n"}, "steps": [{"name": "Кликаем на элемент", "status": "broken", "statusDetails": {"message": "selenium.common.exceptions.NoSuchElementException: Message: Unable to locate element: //div[text()= \"Аэропорт\"]; For documentation on this error, please visit: https://www.selenium.dev/documentation/webdriver/troubleshooting/errors#no-such-element-exception\nStacktrace:\nRemoteError@chrome://remote/content/shared/RemoteError.sys.mjs:8:8\nWebDriverError@chrome://remote/content/shared/webdriver/Errors.sys.mjs:191:5\nNoSuchElementError@chrome://remote/content/shared/webdriver/Errors.sys.mjs:509:5\ndom.find/</<@chrome://remote/content/shared/DOM.sys.mjs:136:16\n\n", "trace": "  File \"C:\\Users\\TJK\\Sprint_6\\.venv\\Lib\\site-packages\\allure_commons\\_allure.py\", line 192, in impl\n    return func(*a, **kw)\n           ^^^^^^^^^^^^^^\n  File \"C:\\Users\\TJK\\Sprint_6\\pages\\base_page.py\", line 19, in click_on_element\n    self.driver.find_element(*locator).click()\n    ^^^^^^^^^^^^^^^^^^^^^^^^^^^^^^^^^^\n  File \"C:\\Users\\TJK\\Sprint_6\\.venv\\Lib\\site-packages\\selenium\\webdriver\\remote\\webdriver.py\", line 741, in find_element\n    return self.execute(Command.FIND_ELEMENT, {\"using\": by, \"value\": value})[\"value\"]\n           ^^^^^^^^^^^^^^^^^^^^^^^^^^^^^^^^^^^^^^^^^^^^^^^^^^^^^^^^^^^^^^^^^\n  File \"C:\\Users\\TJK\\Sprint_6\\.venv\\Lib\\site-packages\\selenium\\webdriver\\remote\\webdriver.py\", line 347, in execute\n    self.error_handler.check_response(response)\n  File \"C:\\Users\\TJK\\Sprint_6\\.venv\\Lib\\site-packages\\selenium\\webdriver\\remote\\errorhandler.py\", line 229, in check_response\n    raise exception_class(message, screen, stacktrace)\n"}, "parameters": [{"name": "locator", "value": "('xpath', '//div[text()= \"Аэропорт\"]')"}], "start": 1708891812979, "stop": 1708891813001}], "start": 1708891812978, "stop": 1708891813004}], "start": 1708891812627, "stop": 1708891813005}], "start": 1708891812256, "stop": 1708891813007, "uuid": "d60f3453-5bb0-479d-8194-224705cb51e2", "historyId": "ab217aa1e69f15552e81880cb38c7837", "testCaseId": "ab217aa1e69f15552e81880cb38c7837", "fullName": "tests.test_order_page.TestOrder#test_order_down_button_success", "labels": [{"name": "parentSuite", "value": "tests"}, {"name": "suite", "value": "test_order_page"}, {"name": "subSuite", "value": "TestOrder"}, {"name": "host", "value": "DESKTOP-30O99DV"}, {"name": "thread", "value": "6320-MainThread"}, {"name": "framework", "value": "pytest"}, {"name": "language", "value": "cpython3"}, {"name": "package", "value": "tests.test_order_page"}]}